<?xml version="1.0" encoding="UTF-8"?>
<!-- Generated by org.testng.reporters.JUnitReportReporter -->
<testsuite skipped="0" hostname="AnilRaju" name="base.Launchtest" tests="1" failures="0" timestamp="27 May 2017 03:37:27 GMT" time="11.678" errors="0">
  <testcase name="launch" time="11.678" classname="base.Launchtest"/>
</testsuite> <!-- base.Launchtest -->
